2024-05-22 21:57:29.023  INFO 14503 --- [main] c.e.rjany.SpringEmbeddedH2DbApplication  : Starting SpringEmbeddedH2DbApplication using Java 17.0.11 on himanshu.local with PID 14503 (/Users/vikas/Documents/splunk-logs-springboot/target/classes started by vikas in /Users/vikas/Documents/splunk-logs-springboot)
2024-05-22 21:57:29.025  INFO 14503 --- [main] c.e.rjany.SpringEmbeddedH2DbApplication  : No active profile set, falling back to default profiles: default
2024-05-22 21:57:29.503  INFO 14503 --- [main] .s.d.r.c.RepositoryConfigurationDelegate : Bootstrapping Spring Data JPA repositories in DEFAULT mode.
2024-05-22 21:57:29.539  INFO 14503 --- [main] .s.d.r.c.RepositoryConfigurationDelegate : Finished Spring Data repository scanning in 27 ms. Found 1 JPA repository interfaces.
2024-05-22 21:57:30.056  INFO 14503 --- [main] o.s.b.w.embedded.tomcat.TomcatWebServer  : Tomcat initialized with port(s): 8080 (http)
2024-05-22 21:57:30.066  INFO 14503 --- [main] o.apache.catalina.core.StandardService   : Starting service [Tomcat]
2024-05-22 21:57:30.067  INFO 14503 --- [main] org.apache.catalina.core.StandardEngine  : Starting Servlet engine: [Apache Tomcat/9.0.48]
2024-05-22 21:57:30.125  INFO 14503 --- [main] o.a.c.c.C.[Tomcat].[localhost].[/]       : Initializing Spring embedded WebApplicationContext
2024-05-22 21:57:30.125  INFO 14503 --- [main] w.s.c.ServletWebServerApplicationContext : Root WebApplicationContext: initialization completed in 1051 ms
2024-05-22 21:57:30.156  INFO 14503 --- [main] com.zaxxer.hikari.HikariDataSource       : HikariPool-1 - Starting...
2024-05-22 21:57:30.334  INFO 14503 --- [main] com.zaxxer.hikari.HikariDataSource       : HikariPool-1 - Start completed.
2024-05-22 21:57:30.340  INFO 14503 --- [main] o.s.b.a.h2.H2ConsoleAutoConfiguration    : H2 console available at '/h2-console'. Database available at 'jdbc:h2:mem:rjanytest'
2024-05-22 21:57:30.460  INFO 14503 --- [main] o.hibernate.jpa.internal.util.LogHelper  : HHH000204: Processing PersistenceUnitInfo [name: default]
2024-05-22 21:57:30.502  INFO 14503 --- [main] org.hibernate.Version                    : HHH000412: Hibernate ORM core version 5.4.32.Final
2024-05-22 21:57:30.598  INFO 14503 --- [main] o.hibernate.annotations.common.Version   : HCANN000001: Hibernate Commons Annotations {5.1.2.Final}
2024-05-22 21:57:30.693  INFO 14503 --- [main] org.hibernate.dialect.Dialect            : HHH000400: Using dialect: org.hibernate.dialect.H2Dialect
2024-05-22 21:57:31.168  INFO 14503 --- [main] o.h.e.t.j.p.i.JtaPlatformInitiator       : HHH000490: Using JtaPlatform implementation: [org.hibernate.engine.transaction.jta.platform.internal.NoJtaPlatform]
2024-05-22 21:57:31.173  INFO 14503 --- [main] j.LocalContainerEntityManagerFactoryBean : Initialized JPA EntityManagerFactory for persistence unit 'default'
2024-05-22 21:57:31.333  WARN 14503 --- [main] JpaBaseConfiguration$JpaWebConfiguration : spring.jpa.open-in-view is enabled by default. Therefore, database queries may be performed during view rendering. Explicitly configure spring.jpa.open-in-view to disable this warning
2024-05-22 21:57:31.596  INFO 14503 --- [main] o.s.b.w.embedded.tomcat.TomcatWebServer  : Tomcat started on port(s): 8080 (http) with context path ''
2024-05-22 21:57:31.609  INFO 14503 --- [main] c.e.rjany.SpringEmbeddedH2DbApplication  : Started SpringEmbeddedH2DbApplication in 3.231 seconds (JVM running for 4.002)
2024-05-22 21:57:42.578  INFO 14503 --- [http-nio-8080-exec-2] o.a.c.c.C.[Tomcat].[localhost].[/]       : Initializing Spring DispatcherServlet 'dispatcherServlet'
2024-05-22 21:57:42.579  INFO 14503 --- [http-nio-8080-exec-2] o.s.web.servlet.DispatcherServlet        : Initializing Servlet 'dispatcherServlet'
2024-05-22 21:57:42.581  INFO 14503 --- [http-nio-8080-exec-2] o.s.web.servlet.DispatcherServlet        : Completed initialization in 2 ms
2024-05-22 21:57:42.695 DEBUG 14503 --- [http-nio-8080-exec-2] c.e.rjany.controller.StudentController   : saved student record : Student(id=2, name=ram, age=15, email=ram@mail.com, mobileNumber=1234567890)
2024-05-22 21:57:55.734 ERROR 14503 --- [http-nio-8080-exec-3] c.e.rjany.controller.StudentController   : this student is not exist with id 1
2024-05-22 21:58:04.166 DEBUG 14503 --- [http-nio-8080-exec-4] c.e.rjany.controller.StudentController   : get all student record successfully [Student(id=2, name=ram, age=15, email=ram@mail.com, mobileNumber=1234567890)]
2024-05-22 22:09:37.373  WARN 14503 --- [HikariPool-1 housekeeper] com.zaxxer.hikari.pool.HikariPool        : HikariPool-1 - Thread starvation or clock leap detected (housekeeper delta=11m36s930ms).
2024-05-22 22:13:17.832  INFO 14503 --- [SpringApplicationShutdownHook] j.LocalContainerEntityManagerFactoryBean : Closing JPA EntityManagerFactory for persistence unit 'default'
2024-05-22 22:13:17.844  INFO 14503 --- [SpringApplicationShutdownHook] com.zaxxer.hikari.HikariDataSource       : HikariPool-1 - Shutdown initiated...
2024-05-22 22:13:17.849  INFO 14503 --- [SpringApplicationShutdownHook] com.zaxxer.hikari.HikariDataSource       : HikariPool-1 - Shutdown completed.
